Unable to capture context for thread 8376 in process 19156, can not generate back trace
Unable to capture context for thread 9532 in process 19156, can not generate back trace
Exception at PC 0x00007FF95B41BB93
Printing stacktrace...

[0]  [0x00007FF95B41BB93]
[1]  [0x00007FF95B41BB93]
[2]  [0x00007FF95B41B4A1]
[3]  [0x00007FF95B41B3EF]
[4]  [0x00007FF95B4019FE]
[5]  [0x00007FF95B400ED1]
[6]  [0x00007FF95B400D76]
[7]  [0x00007FF95B3A79F6]
[8]  [0x00007FF95B397AFB]
[9]  [0x00007FF95B4BE90A]
[10]  [0x00007FF95B4D9F87]
[11]  [0x00007FF95B4DA05F]
[12] (BaseThreadInitThunk+0x14) [0x00007FF9ED077034]
[13] (RtlUserThreadStart+0x21) [0x00007FF9ED2FCEC1]
Done
Exception at PC 0x00007FF95B121A52
Attemped to write at address 0x00007FF9ACE7ABA4
Printing stacktrace...

[0]  [0x00007FF95B121A52]
[1]  [0x00007FF95B121A52]
[2]  [0x00007FF95B121AD4]
[3]  [0x00007FF95B263FF7]
[4]  [0x00007FF95B149128]
[5]  [0x00007FF95B3FDFB9]
[6]  [0x00007FF95B5CEF23]
[7]  [0x00007FF95B4DB06B]
[8]  [0x00007FF95B4D08AF]
[9]  [0x00007FF95B4D0A32]
[10] (RtlActivateActivationContextUnsafeFast+0x11d) [0x00007FF9ED2E7B3D]
[11] (LdrShutdownProcess+0x141) [0x00007FF9ED313DE1]
[12] (RtlExitUserProcess+0xad) [0x00007FF9ED313C7D]
[13] (FatalExit+0xb) [0x00007FF9ED07E0AB]
[14] (exit+0x85) [0x00007FF9ED1DA155]
[15] (initterm_e+0x245) [0x00007FF9ED1DA7C5]
[16]  [0x00000000004014CD]
[17]  [0x000000000040151B]
[18] (BaseThreadInitThunk+0x14) [0x00007FF9ED077034]
[19] (RtlUserThreadStart+0x21) [0x00007FF9ED2FCEC1]
Done
