
*** Running vivado
    with args -log clk_wiz_12mhz.vds -m64 -product Vivado -mode batch -messageDb vivado.pb -notrace -source clk_wiz_12mhz.tcl


****** Vivado v2017.2 (64-bit)
  **** SW Build 1909853 on Thu Jun 15 18:39:09 MDT 2017
  **** IP Build 1909766 on Thu Jun 15 19:58:00 MDT 2017
    ** Copyright 1986-2017 Xilinx, Inc. All Rights Reserved.

source clk_wiz_12mhz.tcl -notrace
Starting RTL Elaboration : Time (s): cpu = 00:00:03 ; elapsed = 00:00:05 . Memory (MB): peak = 308.188 ; gain = 80.039
INFO: [Synth 8-638] synthesizing module 'clk_wiz_12mhz' [c:/Users/carlo/Documents/Universidad/Cuarto curso/Primer Semestre/Diseo de sistemas electrnicos digitales/Proyecto final/Proyecto/dsed_audio/dsed_audio.srcs/sources_1/ip/clk_wiz_12mhz/clk_wiz_12mhz.v:70]
INFO: [Synth 8-638] synthesizing module 'clk_wiz_12mhz_clk_wiz' [c:/Users/carlo/Documents/Universidad/Cuarto curso/Primer Semestre/Diseo de sistemas electrnicos digitales/Proyecto final/Proyecto/dsed_audio/dsed_audio.srcs/sources_1/ip/clk_wiz_12mhz/clk_wiz_12mhz_clk_wiz.v:68]
INFO: [Synth 8-638] synthesizing module 'IBUF' [C:/Xilinx/Vivado/2017.2/scripts/rt/data/unisim_comp.v:14470]
INFO: [Synth 8-256] done synthesizing module 'IBUF' (1#1) [C:/Xilinx/Vivado/2017.2/scripts/rt/data/unisim_comp.v:14470]
INFO: [Synth 8-638] synthesizing module 'MMCME2_ADV' [C:/Xilinx/Vivado/2017.2/scripts/rt/data/unisim_comp.v:20759]
INFO: [Synth 8-256] done synthesizing module 'MMCME2_ADV' (2#1) [C:/Xilinx/Vivado/2017.2/scripts/rt/data/unisim_comp.v:20759]
INFO: [Synth 8-638] synthesizing module 'BUFG' [C:/Xilinx/Vivado/2017.2/scripts/rt/data/unisim_comp.v:607]
INFO: [Synth 8-256] done synthesizing module 'BUFG' (3#1) [C:/Xilinx/Vivado/2017.2/scripts/rt/data/unisim_comp.v:607]
INFO: [Synth 8-256] done synthesizing module 'clk_wiz_12mhz_clk_wiz' (4#1) [c:/Users/carlo/Documents/Universidad/Cuarto curso/Primer Semestre/Diseo de sistemas electrnicos digitales/Proyecto final/Proyecto/dsed_audio/dsed_audio.srcs/sources_1/ip/clk_wiz_12mhz/clk_wiz_12mhz_clk_wiz.v:68]
INFO: [Synth 8-256] done synthesizing module 'clk_wiz_12mhz' (5#1) [c:/Users/carlo/Documents/Universidad/Cuarto curso/Primer Semestre/Diseo de sistemas electrnicos digitales/Proyecto final/Proyecto/dsed_audio/dsed_audio.srcs/sources_1/ip/clk_wiz_12mhz/clk_wiz_12mhz.v:70]
Finished RTL Elaboration : Time (s): cpu = 00:00:04 ; elapsed = 00:00:07 . Memory (MB): peak = 347.516 ; gain = 119.367
Finished RTL Optimization Phase 1 : Time (s): cpu = 00:00:04 ; elapsed = 00:00:07 . Memory (MB): peak = 347.516 ; gain = 119.367
INFO: [Device 21-403] Loading part xc7a100tcsg324-1
Constraint Validation Runtime : Time (s): cpu = 00:00:00 ; elapsed = 00:00:00.181 . Memory (MB): peak = 573.457 ; gain = 0.000
Finished Constraint Validation : Time (s): cpu = 00:00:13 ; elapsed = 00:00:22 . Memory (MB): peak = 573.457 ; gain = 345.309
Finished Loading Part and Timing Information : Time (s): cpu = 00:00:13 ; elapsed = 00:00:22 . Memory (MB): peak = 573.457 ; gain = 345.309
Finished applying 'set_property' XDC Constraints : Time (s): cpu = 00:00:13 ; elapsed = 00:00:22 . Memory (MB): peak = 573.457 ; gain = 345.309
Finished RTL Optimization Phase 2 : Time (s): cpu = 00:00:13 ; elapsed = 00:00:22 . Memory (MB): peak = 573.457 ; gain = 345.309
Finished Cross Boundary and Area Optimization : Time (s): cpu = 00:00:13 ; elapsed = 00:00:23 . Memory (MB): peak = 573.457 ; gain = 345.309
Finished Applying XDC Timing Constraints : Time (s): cpu = 00:00:23 ; elapsed = 00:00:33 . Memory (MB): peak = 595.344 ; gain = 367.195
Finished Timing Optimization : Time (s): cpu = 00:00:23 ; elapsed = 00:00:33 . Memory (MB): peak = 595.344 ; gain = 367.195
Finished Technology Mapping : Time (s): cpu = 00:00:23 ; elapsed = 00:00:33 . Memory (MB): peak = 604.484 ; gain = 376.336
Finished IO Insertion : Time (s): cpu = 00:00:24 ; elapsed = 00:00:34 . Memory (MB): peak = 604.484 ; gain = 376.336
Finished Renaming Generated Instances : Time (s): cpu = 00:00:24 ; elapsed = 00:00:34 . Memory (MB): peak = 604.484 ; gain = 376.336
Finished Rebuilding User Hierarchy : Time (s): cpu = 00:00:24 ; elapsed = 00:00:34 . Memory (MB): peak = 604.484 ; gain = 376.336
Finished Renaming Generated Ports : Time (s): cpu = 00:00:24 ; elapsed = 00:00:34 . Memory (MB): peak = 604.484 ; gain = 376.336
Finished Handling Custom Attributes : Time (s): cpu = 00:00:24 ; elapsed = 00:00:34 . Memory (MB): peak = 604.484 ; gain = 376.336
Finished Renaming Generated Nets : Time (s): cpu = 00:00:24 ; elapsed = 00:00:34 . Memory (MB): peak = 604.484 ; gain = 376.336

Report Cell Usage: 
+------+-----------+------+
|      |Cell       |Count |
+------+-----------+------+
|1     |BUFG       |     2|
|2     |MMCME2_ADV |     1|
|3     |IBUF       |     1|
+------+-----------+------+
Finished Writing Synthesis Report : Time (s): cpu = 00:00:24 ; elapsed = 00:00:34 . Memory (MB): peak = 604.484 ; gain = 376.336
synth_design: Time (s): cpu = 00:00:26 ; elapsed = 00:00:36 . Memory (MB): peak = 617.012 ; gain = 390.492
