#-----------------------------------------------------------
# Vivado v2017.2 (64-bit)
# SW Build 1909853 on Thu Jun 15 18:39:09 MDT 2017
# IP Build 1909766 on Thu Jun 15 19:58:00 MDT 2017
# Start of session at: Fri Jan  8 09:47:29 2021
# Process ID: 3044
# Current directory: D:/Vivado/Laboratorios/final_project/DSEDFinalProject/dsed_audio
# Command line: vivado.exe -gui_launcher_event rodinguilauncherevent22968 D:\Vivado\Laboratorios\final_project\DSEDFinalProject\dsed_audio\dsed_audio.xpr
# Log file: D:/Vivado/Laboratorios/final_project/DSEDFinalProject/dsed_audio/vivado.log
# Journal file: D:/Vivado/Laboratorios/final_project/DSEDFinalProject/dsed_audio\vivado.jou
#-----------------------------------------------------------
start_gui
open_project D:/Vivado/Laboratorios/final_project/DSEDFinalProject/dsed_audio/dsed_audio.xpr
INFO: [Project 1-313] Project file moved from 'C:/Users/carlo/Documents/Universidad/Cuarto curso/Primer Semestre/Diseo de sistemas electrnicos digitales/Proyecto final/ProyectoFinal/dsed_audio' since last save.
Scanning sources...
Finished scanning sources
INFO: [IP_Flow 19-234] Refreshing IP repositories
INFO: [IP_Flow 19-1704] No user IP repositories specified
INFO: [IP_Flow 19-2313] Loaded Vivado IP repository 'D:/Vivado/Instalacion/Vivado/2017.2/data/ip'.
open_project: Time (s): cpu = 00:00:16 ; elapsed = 00:00:09 . Memory (MB): peak = 758.453 ; gain = 18.191
update_compile_order -fileset sources_1
update_compile_order -fileset sources_1
exit
INFO: [Common 17-206] Exiting Vivado at Fri Jan  8 17:16:49 2021...
