#-----------------------------------------------------------
# Vivado v2017.2 (64-bit)
# SW Build 1909853 on Thu Jun 15 18:39:09 MDT 2017
# IP Build 1909766 on Thu Jun 15 19:58:00 MDT 2017
# Start of session at: Fri Nov 27 14:05:51 2020
# Process ID: 19568
# Current directory: C:/Users/carlo/Documents/Universidad/Cuarto curso/Primer Semestre/Diseo de sistemas electrnicos digitales/Proyecto final/Proyecto/dsed_audio
# Command line: vivado.exe -gui_launcher_event rodinguilauncherevent12768 C:\Users\carlo\Documents\Universidad\Cuarto curso\Primer Semestre\Diseo de sistemas electrnicos digitales\Proyecto final\Proyecto\dsed_audio\dsed_audio.xpr
# Log file: C:/Users/carlo/Documents/Universidad/Cuarto curso/Primer Semestre/Diseo de sistemas electrnicos digitales/Proyecto final/Proyecto/dsed_audio/vivado.log
# Journal file: C:/Users/carlo/Documents/Universidad/Cuarto curso/Primer Semestre/Diseo de sistemas electrnicos digitales/Proyecto final/Proyecto/dsed_audio\vivado.jou
#-----------------------------------------------------------
start_gui
open_project {C:/Users/carlo/Documents/Universidad/Cuarto curso/Primer Semestre/Diseo de sistemas electrnicos digitales/Proyecto final/Proyecto/dsed_audio/dsed_audio.xpr}
INFO: [ProjectBase 1-489] The host OS only allows 260 characters in a normal path. The project is stored in a path with more than 80 characters. If you experience issues with IP, Block Designs, or files not being found, please consider moving the project to a location with a shorter path. Alternately consider using the OS subst command to map part of the path to a drive letter.
Current project path is 'C:/Users/carlo/Documents/Universidad/Cuarto curso/Primer Semestre/Diseo de sistemas electrnicos digitales/Proyecto final/Proyecto/dsed_audio'
INFO: [Project 1-313] Project file moved from 'D:/Vivado/Laboratorios/final_project/DSEDFinalProject/dsed_audio' since last save.
Scanning sources...
Finished scanning sources
INFO: [IP_Flow 19-234] Refreshing IP repositories
INFO: [IP_Flow 19-1704] No user IP repositories specified
INFO: [IP_Flow 19-2313] Loaded Vivado IP repository 'C:/Xilinx/Vivado/2017.2/data/ip'.
update_compile_order -fileset sources_1
exit
INFO: [Common 17-206] Exiting Vivado at Fri Nov 27 14:06:19 2020...
