#-----------------------------------------------------------
# Vivado v2017.2 (64-bit)
# SW Build 1909853 on Thu Jun 15 18:39:09 MDT 2017
# IP Build 1909766 on Thu Jun 15 19:58:00 MDT 2017
# Start of session at: Fri Jan  8 17:17:03 2021
# Process ID: 21684
# Current directory: D:/Vivado/Laboratorios/final_project/DSEDFinalProject/dsed_audio
# Command line: vivado.exe -gui_launcher_event rodinguilauncherevent19384 D:\Vivado\Laboratorios\final_project\DSEDFinalProject\dsed_audio\dsed_audio.xpr
# Log file: D:/Vivado/Laboratorios/final_project/DSEDFinalProject/dsed_audio/vivado.log
# Journal file: D:/Vivado/Laboratorios/final_project/DSEDFinalProject/dsed_audio\vivado.jou
#-----------------------------------------------------------
start_gui
open_project D:/Vivado/Laboratorios/final_project/DSEDFinalProject/dsed_audio/dsed_audio.xpr
Scanning sources...
Finished scanning sources
INFO: [IP_Flow 19-234] Refreshing IP repositories
INFO: [IP_Flow 19-1704] No user IP repositories specified
INFO: [IP_Flow 19-2313] Loaded Vivado IP repository 'D:/Vivado/Instalacion/Vivado/2017.2/data/ip'.
open_project: Time (s): cpu = 00:00:14 ; elapsed = 00:00:07 . Memory (MB): peak = 813.738 ; gain = 30.152
update_compile_order -fileset sources_1
close [ open D:/Vivado/Laboratorios/final_project/DSEDFinalProject/dsed_audio/dsed_audio.srcs/sources_1/new/delay.vhd w ]
add_files D:/Vivado/Laboratorios/final_project/DSEDFinalProject/dsed_audio/dsed_audio.srcs/sources_1/new/delay.vhd
update_compile_order -fileset sources_1
exit
INFO: [Common 17-206] Exiting Vivado at Sat Jan  9 20:58:06 2021...
