#-----------------------------------------------------------
# Vivado v2017.2 (64-bit)
# SW Build 1909853 on Thu Jun 15 18:39:09 MDT 2017
# IP Build 1909766 on Thu Jun 15 19:58:00 MDT 2017
# Start of session at: Wed Dec  2 11:11:28 2020
# Process ID: 11920
# Current directory: D:/Vivado/Laboratorios/final_project/DSEDFinalProject/dsed_audio
# Command line: vivado.exe -gui_launcher_event rodinguilauncherevent10668 D:\Vivado\Laboratorios\final_project\DSEDFinalProject\dsed_audio\dsed_audio.xpr
# Log file: D:/Vivado/Laboratorios/final_project/DSEDFinalProject/dsed_audio/vivado.log
# Journal file: D:/Vivado/Laboratorios/final_project/DSEDFinalProject/dsed_audio\vivado.jou
#-----------------------------------------------------------
start_gui
open_project D:/Vivado/Laboratorios/final_project/DSEDFinalProject/dsed_audio/dsed_audio.xpr
Scanning sources...
Finished scanning sources
INFO: [IP_Flow 19-234] Refreshing IP repositories
INFO: [IP_Flow 19-1704] No user IP repositories specified
INFO: [IP_Flow 19-2313] Loaded Vivado IP repository 'D:/Vivado/Instalacion/Vivado/2017.2/data/ip'.
open_project: Time (s): cpu = 00:00:15 ; elapsed = 00:00:13 . Memory (MB): peak = 765.078 ; gain = 47.762
update_compile_order -fileset sources_1
close [ open D:/Vivado/Laboratorios/final_project/DSEDFinalProject/dsed_audio/dsed_audio.srcs/sources_1/new/controlador_fir.vhd w ]
add_files D:/Vivado/Laboratorios/final_project/DSEDFinalProject/dsed_audio/dsed_audio.srcs/sources_1/new/controlador_fir.vhd
update_compile_order -fileset sources_1
exit
INFO: [Common 17-206] Exiting Vivado at Wed Dec  2 17:51:36 2020...
