#-----------------------------------------------------------
# Vivado v2017.2 (64-bit)
# SW Build 1909853 on Thu Jun 15 18:39:09 MDT 2017
# IP Build 1909766 on Thu Jun 15 19:58:00 MDT 2017
# Start of session at: Wed Dec 16 11:09:09 2020
# Process ID: 13956
# Current directory: D:/Vivado/Laboratorios/final_project/DSEDFinalProject/dsed_audio
# Command line: vivado.exe -gui_launcher_event rodinguilauncherevent26172 D:\Vivado\Laboratorios\final_project\DSEDFinalProject\dsed_audio\dsed_audio.xpr
# Log file: D:/Vivado/Laboratorios/final_project/DSEDFinalProject/dsed_audio/vivado.log
# Journal file: D:/Vivado/Laboratorios/final_project/DSEDFinalProject/dsed_audio\vivado.jou
#-----------------------------------------------------------
start_gui
open_project D:/Vivado/Laboratorios/final_project/DSEDFinalProject/dsed_audio/dsed_audio.xpr
Scanning sources...
Finished scanning sources
INFO: [IP_Flow 19-234] Refreshing IP repositories
INFO: [IP_Flow 19-1704] No user IP repositories specified
INFO: [IP_Flow 19-2313] Loaded Vivado IP repository 'D:/Vivado/Instalacion/Vivado/2017.2/data/ip'.
open_project: Time (s): cpu = 00:00:08 ; elapsed = 00:00:09 . Memory (MB): peak = 731.934 ; gain = 31.059
update_compile_order -fileset sources_1
INFO: [Device 21-403] Loading part xc7a100tcsg324-1
WARNING: [IP_Flow 19-4067] Ignoring invalid widget type specified checkbox.Providing a default widget
WARNING: [IP_Flow 19-4067] Ignoring invalid widget type specified checkbox.Providing a default widget
close [ open D:/Vivado/Laboratorios/final_project/DSEDFinalProject/dsed_audio/dsed_audio.srcs/sources_1/new/prueba_in_out_audio.vhd w ]
add_files D:/Vivado/Laboratorios/final_project/DSEDFinalProject/dsed_audio/dsed_audio.srcs/sources_1/new/prueba_in_out_audio.vhd
update_compile_order -fileset sources_1
remove_files  D:/Vivado/Laboratorios/final_project/DSEDFinalProject/dsed_audio/dsed_audio.srcs/sources_1/imports/dsed_audio.srcs/sources_1/new/controlador.vhd
update_compile_order -fileset sources_1
update_compile_order -fileset sources_1
exit
INFO: [Common 17-206] Exiting Vivado at Wed Dec 16 17:53:10 2020...
