
*** Running vivado
    with args -log blk_mem_gen_0.vds -m64 -product Vivado -mode batch -messageDb vivado.pb -notrace -source blk_mem_gen_0.tcl


****** Vivado v2017.2 (64-bit)
  **** SW Build 1909853 on Thu Jun 15 18:39:09 MDT 2017
  **** IP Build 1909766 on Thu Jun 15 19:58:00 MDT 2017
    ** Copyright 1986-2017 Xilinx, Inc. All Rights Reserved.

source blk_mem_gen_0.tcl -notrace
Starting RTL Elaboration : Time (s): cpu = 00:00:05 ; elapsed = 00:00:07 . Memory (MB): peak = 324.770 ; gain = 82.059
INFO: [Synth 8-638] synthesizing module 'blk_mem_gen_0' [d:/Vivado/Laboratorios/final_project/DSEDFinalProject/dsed_audio/dsed_audio.srcs/sources_1/ip/blk_mem_gen_0/synth/blk_mem_gen_0.vhd:70]
INFO: [Synth 8-256] done synthesizing module 'blk_mem_gen_0' (11#1) [d:/Vivado/Laboratorios/final_project/DSEDFinalProject/dsed_audio/dsed_audio.srcs/sources_1/ip/blk_mem_gen_0/synth/blk_mem_gen_0.vhd:70]
Finished RTL Elaboration : Time (s): cpu = 00:01:45 ; elapsed = 00:01:48 . Memory (MB): peak = 546.195 ; gain = 303.484
Finished RTL Optimization Phase 1 : Time (s): cpu = 00:01:45 ; elapsed = 00:01:48 . Memory (MB): peak = 546.195 ; gain = 303.484
INFO: [Device 21-403] Loading part xc7a100tcsg324-1
Constraint Validation Runtime : Time (s): cpu = 00:00:00 ; elapsed = 00:00:00.061 . Memory (MB): peak = 715.145 ; gain = 0.000
Finished Constraint Validation : Time (s): cpu = 00:01:57 ; elapsed = 00:02:02 . Memory (MB): peak = 715.145 ; gain = 472.434
Finished Loading Part and Timing Information : Time (s): cpu = 00:01:57 ; elapsed = 00:02:02 . Memory (MB): peak = 715.145 ; gain = 472.434
Finished applying 'set_property' XDC Constraints : Time (s): cpu = 00:01:57 ; elapsed = 00:02:02 . Memory (MB): peak = 715.145 ; gain = 472.434
Finished RTL Optimization Phase 2 : Time (s): cpu = 00:01:58 ; elapsed = 00:02:04 . Memory (MB): peak = 715.145 ; gain = 472.434
Finished Cross Boundary and Area Optimization : Time (s): cpu = 00:01:59 ; elapsed = 00:02:05 . Memory (MB): peak = 715.145 ; gain = 472.434
Finished Applying XDC Timing Constraints : Time (s): cpu = 00:02:11 ; elapsed = 00:02:17 . Memory (MB): peak = 715.145 ; gain = 472.434
Finished Timing Optimization : Time (s): cpu = 00:02:11 ; elapsed = 00:02:17 . Memory (MB): peak = 715.145 ; gain = 472.434
Finished Technology Mapping : Time (s): cpu = 00:02:11 ; elapsed = 00:02:17 . Memory (MB): peak = 715.145 ; gain = 472.434
Finished IO Insertion : Time (s): cpu = 00:02:12 ; elapsed = 00:02:18 . Memory (MB): peak = 715.145 ; gain = 472.434
Finished Renaming Generated Instances : Time (s): cpu = 00:02:12 ; elapsed = 00:02:18 . Memory (MB): peak = 715.145 ; gain = 472.434
Finished Rebuilding User Hierarchy : Time (s): cpu = 00:02:12 ; elapsed = 00:02:18 . Memory (MB): peak = 715.145 ; gain = 472.434
Finished Renaming Generated Ports : Time (s): cpu = 00:02:12 ; elapsed = 00:02:18 . Memory (MB): peak = 715.145 ; gain = 472.434
Finished Handling Custom Attributes : Time (s): cpu = 00:02:12 ; elapsed = 00:02:18 . Memory (MB): peak = 715.145 ; gain = 472.434
Finished Renaming Generated Nets : Time (s): cpu = 00:02:12 ; elapsed = 00:02:18 . Memory (MB): peak = 715.145 ; gain = 472.434

Report Cell Usage: 
+------+-----------+------+
|      |Cell       |Count |
+------+-----------+------+
|1     |LUT3       |     3|
|2     |LUT4       |    11|
|3     |LUT6       |    16|
|4     |MUXF7      |     8|
|5     |RAMB36E1   |    64|
|6     |RAMB36E1_1 |    64|
|7     |FDRE       |     6|
+------+-----------+------+
Finished Writing Synthesis Report : Time (s): cpu = 00:02:12 ; elapsed = 00:02:18 . Memory (MB): peak = 715.145 ; gain = 472.434
synth_design: Time (s): cpu = 00:02:15 ; elapsed = 00:02:22 . Memory (MB): peak = 715.145 ; gain = 474.066
